<?xml version="1.0" encoding="UTF-8"?>
<!-- Generated by org.testng.reporters.JUnitReportReporter -->
<testsuite hostname="DESKTOP-AOU4GD0" failures="0" tests="1" name="test.AddContactTest" time="10.359" errors="0" timestamp="27 Apr 2019 18:21:53 GMT" skipped="0">
  <testcase classname="test.AddContactTest" name="AddContactInformation" time="10.359"/>
</testsuite> <!-- test.AddContactTest -->
