<?xml version="1.0" encoding="UTF-8"?>
<!-- Generated by org.testng.reporters.JUnitReportReporter -->
<testsuite hostname="DESKTOP-AOU4GD0" failures="0" tests="1" name="test.LoginTest" time="7.367" errors="0" timestamp="27 Apr 2019 17:43:42 GMT" skipped="0">
  <testcase classname="test.LoginTest" name="TechfiosLoginTest" time="7.367"/>
</testsuite> <!-- test.LoginTest -->
